<?xml version="1.0" encoding="UTF-8"?>
<!-- Generated by org.testng.reporters.JUnitXMLReporter -->
<testsuite ignored="0" hostname="DESKTOP-NQF8GM2" failures="1" tests="1" name="JCpenny web Automation" time="0.036" errors="0" timestamp="2022-07-12T17:54:44 CDT">
  <testcase classname="com.jcpenny.HomePageTest.HomePageTest" name="VerifySearchWithValidProductName" time="0.007">
    <failure type="java.lang.NullPointerException">
      <![CDATA[java.lang.NullPointerException
at com.jcpenny.pages.HomePage.searchWithValidProductName(HomePage.java:16)
at com.jcpenny.HomePageTest.HomePageTest.VerifySearchWithValidProductName(HomePageTest.java:19)
at java.base/java.util.ArrayList.forEach(ArrayList.java:1541)
... Removed 31 stack frames]]>
    </failure>
  </testcase> <!-- VerifySearchWithValidProductName -->
</testsuite> <!-- JCpenny web Automation -->
